# JRE version: Java(TM) SE Runtime Environment (11.0.1+13) (build 11.0.1+13-LTS)
# Java VM: Java HotSpot(TM) 64-Bit Server VM (11.0.1+13-LTS, mixed mode, tiered, compressed oops, g1 gc, windows-amd64)
Heap:
 garbage-first heap   total 65536K, used 36868K [0x00000000c1c00000, 0x0000000100000000)
  region size 1024K, 17 young (17408K), 4 survivors (4096K)
 Metaspace       used 60593K, capacity 61708K, committed 61948K, reserved 1103872K
  class space    used 7415K, capacity 7850K, committed 7932K, reserved 1048576K
GC Heap History (10 events):
Event: 17.832 GC heap before
{Heap before GC invocations=14 (full 0):
 garbage-first heap   total 65536K, used 50449K [0x00000000c1c00000, 0x0000000100000000)
  region size 1024K, 35 young (35840K), 2 survivors (2048K)
 Metaspace       used 44670K, capacity 45683K, committed 45948K, reserved 1089536K
  class space    used 5288K, capacity 5678K, committed 5756K, reserved 1048576K
}
Event: 17.838 GC heap after
{Heap after GC invocations=15 (full 0):
 garbage-first heap   total 65536K, used 18800K [0x00000000c1c00000, 0x0000000100000000)
  region size 1024K, 4 young (4096K), 4 survivors (4096K)
 Metaspace       used 44670K, capacity 45683K, committed 45948K, reserved 1089536K
  class space    used 5288K, capacity 5678K, committed 5756K, reserved 1048576K
}
Event: 20.563 GC heap before
{Heap before GC invocations=15 (full 0):
 garbage-first heap   total 65536K, used 51568K [0x00000000c1c00000, 0x0000000100000000)
  region size 1024K, 36 young (36864K), 4 survivors (4096K)
 Metaspace       used 51033K, capacity 52022K, committed 52348K, reserved 1095680K
  class space    used 6253K, capacity 6659K, committed 6780K, reserved 1048576K
}
Event: 20.571 GC heap after
{Heap after GC invocations=16 (full 0):
 garbage-first heap   total 65536K, used 20336K [0x00000000c1c00000, 0x0000000100000000)
  region size 1024K, 4 young (4096K), 4 survivors (4096K)
 Metaspace       used 51033K, capacity 52022K, committed 52348K, reserved 1095680K
  class space    used 6253K, capacity 6659K, committed 6780K, reserved 1048576K
}
Event: 21.356 GC heap before
{Heap before GC invocations=16 (full 0):
 garbage-first heap   total 65536K, used 51056K [0x00000000c1c00000, 0x0000000100000000)
  region size 1024K, 34 young (34816K), 4 survivors (4096K)
 Metaspace       used 53149K, capacity 54154K, committed 54396K, reserved 1097728K
  class space    used 6517K, capacity 6941K, committed 7036K, reserved 1048576K
}
Event: 21.365 GC heap after
{Heap after GC invocations=17 (full 0):
 garbage-first heap   total 65536K, used 22416K [0x00000000c1c00000, 0x0000000100000000)
  region size 1024K, 4 young (4096K), 4 survivors (4096K)
 Metaspace       used 53149K, capacity 54154K, committed 54396K, reserved 1097728K
  class space    used 6517K, capacity 6941K, committed 7036K, reserved 1048576K
}
Event: 37.906 GC heap before
{Heap before GC invocations=17 (full 0):
 garbage-first heap   total 65536K, used 51088K [0x00000000c1c00000, 0x0000000100000000)
  region size 1024K, 33 young (33792K), 4 survivors (4096K)
 Metaspace       used 57011K, capacity 58111K, committed 58236K, reserved 1099776K
  class space    used 7008K, capacity 7446K, committed 7548K, reserved 1048576K
}
Event: 37.914 GC heap after
{Heap after GC invocations=18 (full 0):
 garbage-first heap   total 65536K, used 23972K [0x00000000c1c00000, 0x0000000100000000)
  region size 1024K, 4 young (4096K), 4 survivors (4096K)
 Metaspace       used 57011K, capacity 58111K, committed 58236K, reserved 1099776K
  class space    used 7008K, capacity 7446K, committed 7548K, reserved 1048576K
}
Event: 38.224 GC heap before
{Heap before GC invocations=18 (full 0):
 garbage-first heap   total 65536K, used 37284K [0x00000000c1c00000, 0x0000000100000000)
  region size 1024K, 18 young (18432K), 4 survivors (4096K)
 Metaspace       used 59090K, capacity 60200K, committed 60284K, reserved 1101824K
  class space    used 7282K, capacity 7737K, committed 7804K, reserved 1048576K
}
Event: 38.232 GC heap after
{Heap after GC invocations=19 (full 0):
 garbage-first heap   total 65536K, used 25604K [0x00000000c1c00000, 0x0000000100000000)
  region size 1024K, 4 young (4096K), 4 survivors (4096K)
 Metaspace       used 59090K, capacity 60200K, committed 60284K, reserved 1101824K
  class space    used 7282K, capacity 7737K, committed 7804K, reserved 1048576K
}

